<?xml version="1.0" encoding="UTF-8"?>
<!-- Generated by org.testng.reporters.JUnitXMLReporter -->
<testsuite hostname="DOLAP146" ignored="0" name="Screen2Validation" tests="2" failures="1" timestamp="07 Jan 2019 12:25:17 GMT" time="108.618" errors="0">
  <testcase name="getQuoteWithAllFieldBlank" time="16.263" classname="tests.ShipmentSummaryFunctionalTest">
    <failure type="java.lang.AssertionError" message="null">
      <![CDATA[java.lang.AssertionError: null
at tests.ShipmentSummaryFunctionalTest.getQuoteWithAllFieldBlank(ShipmentSummaryFunctionalTest.java:88)
... Removed 27 stack frames]]>
    </failure>
  </testcase> <!-- getQuoteWithAllFieldBlank -->
  <testcase name="getQuoteFunctionalityTest" time="72.821" classname="tests.ShipmentSummaryFunctionalTest"/>
</testsuite> <!-- Screen2Validation -->
