<?xml version="1.0" encoding="UTF-8"?>
<!-- Generated by org.testng.reporters.JUnitXMLReporter -->
<testsuite hostname="DOLAP146" ignored="0" name="TotalWeightPackagingUnitsFunctionality" tests="2" failures="1" timestamp="07 Jan 2019 12:21:08 GMT" time="47.544" errors="0">
  <testcase name="totalPackagingUnitValidation" time="22.943" classname="tests.TotalWeightPackagingUnitsFunctionalTests"/>
  <testcase name="totalShipmentWeightValidation" time="5.251" classname="tests.TotalWeightPackagingUnitsFunctionalTests">
    <failure type="java.lang.AssertionError" message="expected [0] but found [3]">
      <![CDATA[java.lang.AssertionError: expected [0] but found [3]
at utilities.CommonFunctions.validationEquals(CommonFunctions.java:98)
at tests.TotalWeightPackagingUnitsFunctionalTests.totalShipmentWeightValidation(TotalWeightPackagingUnitsFunctionalTests.java:95)
... Removed 31 stack frames]]>
    </failure>
  </testcase> <!-- totalShipmentWeightValidation -->
</testsuite> <!-- TotalWeightPackagingUnitsFunctionality -->
